{"D:\\Git\\Projeler\\S15\\fsweb-backend-challenge\\knexfile.js": {"path":"D:\\Git\\Projeler\\S15\\fsweb-backend-challenge\\knexfile.js","statementMap":{"0":{"start":{"line":1,"column":21},"end":{"line":17,"column":1}},"1":{"start":{"line":14,"column":6},"end":{"line":14,"column":49}},"2":{"start":{"line":19,"column":0},"end":{"line":28,"column":2}}},"fnMap":{"0":{"name":"(anonymous_0)","decl":{"start":{"line":13,"column":17},"end":{"line":13,"column":18}},"loc":{"start":{"line":13,"column":33},"end":{"line":15,"column":5}},"line":13}},"branchMap":{},"s":{"0":1,"1":1,"2":1},"f":{"0":1},"b":{},"_coverageSchema":"1a1c01bbd47fc00a2c39e90264f33305004495a9","hash":"5d6411a1741933bf0f1768c1da355b31f984734a"}
,"D:\\Git\\Projeler\\S15\\fsweb-backend-challenge\\api\\server.js": {"path":"D:\\Git\\Projeler\\S15\\fsweb-backend-challenge\\api\\server.js","statementMap":{"0":{"start":{"line":1,"column":16},"end":{"line":1,"column":34}},"1":{"start":{"line":2,"column":15},"end":{"line":2,"column":32}},"2":{"start":{"line":5,"column":13},"end":{"line":5,"column":28}},"3":{"start":{"line":9,"column":19},"end":{"line":9,"column":51}},"4":{"start":{"line":10,"column":20},"end":{"line":10,"column":54}},"5":{"start":{"line":12,"column":15},"end":{"line":12,"column":24}},"6":{"start":{"line":14,"column":0},"end":{"line":14,"column":21}},"7":{"start":{"line":15,"column":0},"end":{"line":15,"column":27}},"8":{"start":{"line":16,"column":0},"end":{"line":16,"column":19}},"9":{"start":{"line":18,"column":0},"end":{"line":18,"column":36}},"10":{"start":{"line":19,"column":0},"end":{"line":19,"column":38}},"11":{"start":{"line":21,"column":0},"end":{"line":27,"column":3}},"12":{"start":{"line":23,"column":2},"end":{"line":26,"column":5}},"13":{"start":{"line":29,"column":0},"end":{"line":29,"column":24}}},"fnMap":{"0":{"name":"(anonymous_0)","decl":{"start":{"line":21,"column":11},"end":{"line":21,"column":12}},"loc":{"start":{"line":21,"column":36},"end":{"line":27,"column":1}},"line":21}},"branchMap":{"0":{"loc":{"start":{"line":23,"column":13},"end":{"line":23,"column":30}},"type":"binary-expr","locations":[{"start":{"line":23,"column":13},"end":{"line":23,"column":23}},{"start":{"line":23,"column":27},"end":{"line":23,"column":30}}],"line":23}},"s":{"0":1,"1":1,"2":1,"3":1,"4":1,"5":1,"6":1,"7":1,"8":1,"9":1,"10":1,"11":1,"12":1,"13":1},"f":{"0":1},"b":{"0":[1,1]},"_coverageSchema":"1a1c01bbd47fc00a2c39e90264f33305004495a9","hash":"06e702fbe5d3b15eefc3ea8b2e53106d723f1ca8"}
,"D:\\Git\\Projeler\\S15\\fsweb-backend-challenge\\api\\auth\\auth-middleware.js": {"path":"D:\\Git\\Projeler\\S15\\fsweb-backend-challenge\\api\\auth\\auth-middleware.js","statementMap":{"0":{"start":{"line":1,"column":23},"end":{"line":1,"column":44}},"1":{"start":{"line":2,"column":18},"end":{"line":2,"column":49}},"2":{"start":{"line":4,"column":17},"end":{"line":4,"column":36}},"3":{"start":{"line":6,"column":22},"end":{"line":31,"column":1}},"4":{"start":{"line":7,"column":2},"end":{"line":30,"column":3}},"5":{"start":{"line":8,"column":18},"end":{"line":8,"column":63}},"6":{"start":{"line":9,"column":4},"end":{"line":27,"column":5}},"7":{"start":{"line":10,"column":24},"end":{"line":10,"column":34}},"8":{"start":{"line":11,"column":28},"end":{"line":14,"column":7}},"9":{"start":{"line":15,"column":6},"end":{"line":22,"column":7}},"10":{"start":{"line":16,"column":8},"end":{"line":18,"column":11}},"11":{"start":{"line":20,"column":8},"end":{"line":20,"column":38}},"12":{"start":{"line":21,"column":8},"end":{"line":21,"column":15}},"13":{"start":{"line":24,"column":6},"end":{"line":26,"column":9}},"14":{"start":{"line":29,"column":4},"end":{"line":29,"column":16}},"15":{"start":{"line":33,"column":21},"end":{"line":44,"column":1}},"16":{"start":{"line":34,"column":2},"end":{"line":43,"column":3}},"17":{"start":{"line":35,"column":40},"end":{"line":35,"column":48}},"18":{"start":{"line":36,"column":4},"end":{"line":40,"column":5}},"19":{"start":{"line":37,"column":6},"end":{"line":37,"column":78}},"20":{"start":{"line":39,"column":6},"end":{"line":39,"column":13}},"21":{"start":{"line":42,"column":4},"end":{"line":42,"column":16}},"22":{"start":{"line":48,"column":0},"end":{"line":51,"column":2}}},"fnMap":{"0":{"name":"(anonymous_0)","decl":{"start":{"line":6,"column":22},"end":{"line":6,"column":23}},"loc":{"start":{"line":6,"column":48},"end":{"line":31,"column":1}},"line":6},"1":{"name":"(anonymous_1)","decl":{"start":{"line":33,"column":21},"end":{"line":33,"column":22}},"loc":{"start":{"line":33,"column":41},"end":{"line":44,"column":1}},"line":33}},"branchMap":{"0":{"loc":{"start":{"line":9,"column":4},"end":{"line":27,"column":5}},"type":"if","locations":[{"start":{"line":9,"column":4},"end":{"line":27,"column":5}},{"start":{"line":23,"column":11},"end":{"line":27,"column":5}}],"line":9},"1":{"loc":{"start":{"line":9,"column":8},"end":{"line":9,"column":37}},"type":"binary-expr","locations":[{"start":{"line":9,"column":8},"end":{"line":9,"column":15}},{"start":{"line":9,"column":19},"end":{"line":9,"column":37}}],"line":9},"2":{"loc":{"start":{"line":15,"column":6},"end":{"line":22,"column":7}},"type":"if","locations":[{"start":{"line":15,"column":6},"end":{"line":22,"column":7}},{"start":{"line":19,"column":13},"end":{"line":22,"column":7}}],"line":15},"3":{"loc":{"start":{"line":36,"column":4},"end":{"line":40,"column":5}},"type":"if","locations":[{"start":{"line":36,"column":4},"end":{"line":40,"column":5}},{"start":{"line":38,"column":11},"end":{"line":40,"column":5}}],"line":36},"4":{"loc":{"start":{"line":36,"column":8},"end":{"line":36,"column":37}},"type":"binary-expr","locations":[{"start":{"line":36,"column":8},"end":{"line":36,"column":19}},{"start":{"line":36,"column":23},"end":{"line":36,"column":37}}],"line":36}},"s":{"0":1,"1":1,"2":1,"3":1,"4":0,"5":0,"6":0,"7":0,"8":0,"9":0,"10":0,"11":0,"12":0,"13":0,"14":0,"15":1,"16":0,"17":0,"18":0,"19":0,"20":0,"21":0,"22":1},"f":{"0":0,"1":0},"b":{"0":[0,0],"1":[0,0],"2":[0,0],"3":[0,0],"4":[0,0]},"_coverageSchema":"1a1c01bbd47fc00a2c39e90264f33305004495a9","hash":"9097bb3c2dde19c966a0fb8f2502df43ada8a554"}
,"D:\\Git\\Projeler\\S15\\fsweb-backend-challenge\\api\\auth\\auth-router.js": {"path":"D:\\Git\\Projeler\\S15\\fsweb-backend-challenge\\api\\auth\\auth-router.js","statementMap":{"0":{"start":{"line":1,"column":15},"end":{"line":1,"column":42}},"1":{"start":{"line":2,"column":23},"end":{"line":2,"column":44}},"2":{"start":{"line":3,"column":18},"end":{"line":3,"column":49}},"3":{"start":{"line":4,"column":12},"end":{"line":4,"column":35}},"4":{"start":{"line":5,"column":17},"end":{"line":5,"column":36}},"5":{"start":{"line":6,"column":40},"end":{"line":6,"column":68}},"6":{"start":{"line":8,"column":0},"end":{"line":21,"column":3}},"7":{"start":{"line":9,"column":2},"end":{"line":20,"column":3}},"8":{"start":{"line":10,"column":25},"end":{"line":10,"column":66}},"9":{"start":{"line":11,"column":27},"end":{"line":15,"column":5}},"10":{"start":{"line":16,"column":27},"end":{"line":16,"column":71}},"11":{"start":{"line":17,"column":4},"end":{"line":17,"column":41}},"12":{"start":{"line":19,"column":4},"end":{"line":19,"column":16}},"13":{"start":{"line":22,"column":0},"end":{"line":37,"column":3}},"14":{"start":{"line":23,"column":2},"end":{"line":36,"column":3}},"15":{"start":{"line":24,"column":18},"end":{"line":28,"column":5}},"16":{"start":{"line":29,"column":18},"end":{"line":29,"column":68}},"17":{"start":{"line":30,"column":4},"end":{"line":33,"column":7}},"18":{"start":{"line":35,"column":4},"end":{"line":35,"column":16}},"19":{"start":{"line":39,"column":0},"end":{"line":39,"column":24}}},"fnMap":{"0":{"name":"(anonymous_0)","decl":{"start":{"line":8,"column":25},"end":{"line":8,"column":26}},"loc":{"start":{"line":8,"column":51},"end":{"line":21,"column":1}},"line":8},"1":{"name":"(anonymous_1)","decl":{"start":{"line":22,"column":51},"end":{"line":22,"column":52}},"loc":{"start":{"line":22,"column":71},"end":{"line":37,"column":1}},"line":22}},"branchMap":{},"s":{"0":1,"1":1,"2":1,"3":1,"4":1,"5":1,"6":1,"7":2,"8":2,"9":1,"10":1,"11":1,"12":1,"13":1,"14":0,"15":0,"16":0,"17":0,"18":0,"19":1},"f":{"0":2,"1":0},"b":{},"_coverageSchema":"1a1c01bbd47fc00a2c39e90264f33305004495a9","hash":"5188b9259ecd31dc4c787d281227f0572edddd3d"}
,"D:\\Git\\Projeler\\S15\\fsweb-backend-challenge\\api\\secrets\\index.js": {"path":"D:\\Git\\Projeler\\S15\\fsweb-backend-challenge\\api\\secrets\\index.js","statementMap":{"0":{"start":{"line":1,"column":0},"end":{"line":1,"column":27}},"1":{"start":{"line":3,"column":0},"end":{"line":5,"column":2}}},"fnMap":{},"branchMap":{"0":{"loc":{"start":{"line":4,"column":14},"end":{"line":4,"column":45}},"type":"binary-expr","locations":[{"start":{"line":4,"column":14},"end":{"line":4,"column":36}},{"start":{"line":4,"column":40},"end":{"line":4,"column":45}}],"line":4}},"s":{"0":1,"1":1},"f":{},"b":{"0":[1,0]},"_coverageSchema":"1a1c01bbd47fc00a2c39e90264f33305004495a9","hash":"c90c6084cb1141c6ed1780c9fb38e4ff4479c468"}
,"D:\\Git\\Projeler\\S15\\fsweb-backend-challenge\\api\\users\\users-middleware.js": {"path":"D:\\Git\\Projeler\\S15\\fsweb-backend-challenge\\api\\users\\users-middleware.js","statementMap":{"0":{"start":{"line":1,"column":23},"end":{"line":1,"column":44}},"1":{"start":{"line":3,"column":12},"end":{"line":3,"column":35}},"2":{"start":{"line":5,"column":16},"end":{"line":23,"column":1}},"3":{"start":{"line":6,"column":2},"end":{"line":22,"column":3}},"4":{"start":{"line":7,"column":21},"end":{"line":7,"column":49}},"5":{"start":{"line":8,"column":4},"end":{"line":19,"column":5}},"6":{"start":{"line":9,"column":6},"end":{"line":9,"column":61}},"7":{"start":{"line":11,"column":6},"end":{"line":18,"column":9}},"8":{"start":{"line":12,"column":8},"end":{"line":17,"column":9}},"9":{"start":{"line":13,"column":10},"end":{"line":13,"column":83}},"10":{"start":{"line":15,"column":10},"end":{"line":15,"column":42}},"11":{"start":{"line":16,"column":10},"end":{"line":16,"column":17}},"12":{"start":{"line":21,"column":4},"end":{"line":21,"column":16}},"13":{"start":{"line":25,"column":0},"end":{"line":27,"column":2}}},"fnMap":{"0":{"name":"(anonymous_0)","decl":{"start":{"line":5,"column":16},"end":{"line":5,"column":17}},"loc":{"start":{"line":5,"column":36},"end":{"line":23,"column":1}},"line":5},"1":{"name":"(anonymous_1)","decl":{"start":{"line":11,"column":41},"end":{"line":11,"column":42}},"loc":{"start":{"line":11,"column":64},"end":{"line":18,"column":7}},"line":11}},"branchMap":{"0":{"loc":{"start":{"line":8,"column":4},"end":{"line":19,"column":5}},"type":"if","locations":[{"start":{"line":8,"column":4},"end":{"line":19,"column":5}},{"start":{"line":10,"column":11},"end":{"line":19,"column":5}}],"line":8},"1":{"loc":{"start":{"line":12,"column":8},"end":{"line":17,"column":9}},"type":"if","locations":[{"start":{"line":12,"column":8},"end":{"line":17,"column":9}},{"start":{"line":14,"column":15},"end":{"line":17,"column":9}}],"line":12}},"s":{"0":1,"1":1,"2":1,"3":0,"4":0,"5":0,"6":0,"7":0,"8":0,"9":0,"10":0,"11":0,"12":0,"13":1},"f":{"0":0,"1":0},"b":{"0":[0,0],"1":[0,0]},"_coverageSchema":"1a1c01bbd47fc00a2c39e90264f33305004495a9","hash":"19315fc9a29619c7627a8050561b44b1f4224795"}
,"D:\\Git\\Projeler\\S15\\fsweb-backend-challenge\\api\\users\\users-model.js": {"path":"D:\\Git\\Projeler\\S15\\fsweb-backend-challenge\\api\\users\\users-model.js","statementMap":{"0":{"start":{"line":1,"column":11},"end":{"line":1,"column":45}},"1":{"start":{"line":8,"column":2},"end":{"line":8,"column":47}},"2":{"start":{"line":13,"column":2},"end":{"line":20,"column":5}},"3":{"start":{"line":14,"column":22},"end":{"line":18,"column":6}},"4":{"start":{"line":19,"column":4},"end":{"line":19,"column":30}},"5":{"start":{"line":21,"column":2},"end":{"line":21,"column":38}},"6":{"start":{"line":28,"column":4},"end":{"line":28,"column":23}},"7":{"start":{"line":32,"column":2},"end":{"line":32,"column":55}},"8":{"start":{"line":36,"column":23},"end":{"line":36,"column":55}},"9":{"start":{"line":37,"column":19},"end":{"line":37,"column":76}},"10":{"start":{"line":38,"column":2},"end":{"line":38,"column":18}},"11":{"start":{"line":42,"column":2},"end":{"line":42,"column":66}},"12":{"start":{"line":46,"column":0},"end":{"line":53,"column":2}}},"fnMap":{"0":{"name":"getUserById","decl":{"start":{"line":7,"column":9},"end":{"line":7,"column":20}},"loc":{"start":{"line":7,"column":30},"end":{"line":9,"column":1}},"line":7},"1":{"name":"createUser","decl":{"start":{"line":11,"column":15},"end":{"line":11,"column":25}},"loc":{"start":{"line":11,"column":68},"end":{"line":22,"column":1}},"line":11},"2":{"name":"(anonymous_2)","decl":{"start":{"line":13,"column":23},"end":{"line":13,"column":24}},"loc":{"start":{"line":13,"column":38},"end":{"line":20,"column":3}},"line":13},"3":{"name":"getAllTweets","decl":{"start":{"line":27,"column":9},"end":{"line":27,"column":21}},"loc":{"start":{"line":27,"column":24},"end":{"line":29,"column":1}},"line":27},"4":{"name":"getTweetById","decl":{"start":{"line":31,"column":9},"end":{"line":31,"column":21}},"loc":{"start":{"line":31,"column":31},"end":{"line":33,"column":1}},"line":31},"5":{"name":"createTweet","decl":{"start":{"line":35,"column":15},"end":{"line":35,"column":26}},"loc":{"start":{"line":35,"column":34},"end":{"line":39,"column":1}},"line":35},"6":{"name":"removeTweet","decl":{"start":{"line":41,"column":9},"end":{"line":41,"column":20}},"loc":{"start":{"line":41,"column":32},"end":{"line":43,"column":1}},"line":41}},"branchMap":{},"s":{"0":1,"1":1,"2":1,"3":1,"4":1,"5":1,"6":0,"7":0,"8":0,"9":0,"10":0,"11":0,"12":1},"f":{"0":1,"1":1,"2":1,"3":0,"4":0,"5":0,"6":0},"b":{},"_coverageSchema":"1a1c01bbd47fc00a2c39e90264f33305004495a9","hash":"fa6bf987bd8892da423556f5e3565887106eed4d"}
,"D:\\Git\\Projeler\\S15\\fsweb-backend-challenge\\api\\users\\users-router.js": {"path":"D:\\Git\\Projeler\\S15\\fsweb-backend-challenge\\api\\users\\users-router.js","statementMap":{"0":{"start":{"line":1,"column":15},"end":{"line":1,"column":42}},"1":{"start":{"line":2,"column":14},"end":{"line":2,"column":41}},"2":{"start":{"line":3,"column":20},"end":{"line":3,"column":59}},"3":{"start":{"line":6,"column":0},"end":{"line":14,"column":3}},"4":{"start":{"line":8,"column":4},"end":{"line":13,"column":17}},"5":{"start":{"line":10,"column":8},"end":{"line":10,"column":23}},"6":{"start":{"line":17,"column":0},"end":{"line":24,"column":3}},"7":{"start":{"line":19,"column":2},"end":{"line":23,"column":17}},"8":{"start":{"line":21,"column":6},"end":{"line":21,"column":21}},"9":{"start":{"line":26,"column":0},"end":{"line":26,"column":24}}},"fnMap":{"0":{"name":"(anonymous_0)","decl":{"start":{"line":6,"column":25},"end":{"line":6,"column":26}},"loc":{"start":{"line":6,"column":45},"end":{"line":14,"column":1}},"line":6},"1":{"name":"(anonymous_1)","decl":{"start":{"line":9,"column":14},"end":{"line":9,"column":15}},"loc":{"start":{"line":9,"column":25},"end":{"line":12,"column":5}},"line":9},"2":{"name":"(anonymous_2)","decl":{"start":{"line":17,"column":33},"end":{"line":17,"column":34}},"loc":{"start":{"line":17,"column":53},"end":{"line":24,"column":1}},"line":17},"3":{"name":"(anonymous_3)","decl":{"start":{"line":20,"column":10},"end":{"line":20,"column":11}},"loc":{"start":{"line":20,"column":20},"end":{"line":22,"column":5}},"line":20}},"branchMap":{},"s":{"0":1,"1":1,"2":1,"3":1,"4":0,"5":0,"6":1,"7":0,"8":0,"9":1},"f":{"0":0,"1":0,"2":0,"3":0},"b":{},"_coverageSchema":"1a1c01bbd47fc00a2c39e90264f33305004495a9","hash":"a8cda8cdabf51680492e642c0d6ba2a61e6bb53b"}
,"D:\\Git\\Projeler\\S15\\fsweb-backend-challenge\\data\\db-config.js": {"path":"D:\\Git\\Projeler\\S15\\fsweb-backend-challenge\\data\\db-config.js","statementMap":{"0":{"start":{"line":1,"column":13},"end":{"line":1,"column":28}},"1":{"start":{"line":2,"column":16},"end":{"line":2,"column":41}},"2":{"start":{"line":3,"column":20},"end":{"line":3,"column":57}},"3":{"start":{"line":5,"column":0},"end":{"line":5,"column":44}}},"fnMap":{},"branchMap":{"0":{"loc":{"start":{"line":3,"column":20},"end":{"line":3,"column":57}},"type":"binary-expr","locations":[{"start":{"line":3,"column":20},"end":{"line":3,"column":40}},{"start":{"line":3,"column":44},"end":{"line":3,"column":57}}],"line":3}},"s":{"0":1,"1":1,"2":1,"3":1},"f":{},"b":{"0":[1,0]},"_coverageSchema":"1a1c01bbd47fc00a2c39e90264f33305004495a9","hash":"aa16d765e486445404229f7c3595ddb954912969"}
,"D:\\Git\\Projeler\\S15\\fsweb-backend-challenge\\data\\migrations\\20230604100205_tweets.js": {"path":"D:\\Git\\Projeler\\S15\\fsweb-backend-challenge\\data\\migrations\\20230604100205_tweets.js","statementMap":{"0":{"start":{"line":6,"column":0},"end":{"line":28,"column":2}},"1":{"start":{"line":7,"column":2},"end":{"line":27,"column":7}},"2":{"start":{"line":9,"column":6},"end":{"line":9,"column":34}},"3":{"start":{"line":10,"column":6},"end":{"line":10,"column":51}},"4":{"start":{"line":11,"column":6},"end":{"line":11,"column":56}},"5":{"start":{"line":12,"column":6},"end":{"line":12,"column":55}},"6":{"start":{"line":15,"column":6},"end":{"line":15,"column":36}},"7":{"start":{"line":16,"column":6},"end":{"line":16,"column":30}},"8":{"start":{"line":17,"column":6},"end":{"line":17,"column":51}},"9":{"start":{"line":18,"column":6},"end":{"line":18,"column":41}},"10":{"start":{"line":19,"column":6},"end":{"line":19,"column":61}},"11":{"start":{"line":21,"column":6},"end":{"line":26,"column":29}},"12":{"start":{"line":35,"column":0},"end":{"line":37,"column":2}},"13":{"start":{"line":36,"column":2},"end":{"line":36,"column":76}}},"fnMap":{"0":{"name":"(anonymous_0)","decl":{"start":{"line":6,"column":13},"end":{"line":6,"column":14}},"loc":{"start":{"line":6,"column":29},"end":{"line":28,"column":1}},"line":6},"1":{"name":"(anonymous_1)","decl":{"start":{"line":8,"column":26},"end":{"line":8,"column":27}},"loc":{"start":{"line":8,"column":37},"end":{"line":13,"column":5}},"line":8},"2":{"name":"(anonymous_2)","decl":{"start":{"line":14,"column":27},"end":{"line":14,"column":28}},"loc":{"start":{"line":14,"column":38},"end":{"line":27,"column":5}},"line":14},"3":{"name":"(anonymous_3)","decl":{"start":{"line":35,"column":15},"end":{"line":35,"column":16}},"loc":{"start":{"line":35,"column":31},"end":{"line":37,"column":1}},"line":35}},"branchMap":{},"s":{"0":1,"1":2,"2":2,"3":2,"4":2,"5":2,"6":2,"7":2,"8":2,"9":2,"10":2,"11":2,"12":1,"13":2},"f":{"0":2,"1":2,"2":2,"3":2},"b":{},"_coverageSchema":"1a1c01bbd47fc00a2c39e90264f33305004495a9","hash":"e91e868d9e36167a19ba2df31e3fa5758fa53afc"}
,"D:\\Git\\Projeler\\S15\\fsweb-backend-challenge\\data\\seeds\\tweets.js": {"path":"D:\\Git\\Projeler\\S15\\fsweb-backend-challenge\\data\\seeds\\tweets.js","statementMap":{"0":{"start":{"line":5,"column":0},"end":{"line":62,"column":2}},"1":{"start":{"line":8,"column":2},"end":{"line":8,"column":33}},"2":{"start":{"line":9,"column":2},"end":{"line":9,"column":34}},"3":{"start":{"line":11,"column":23},"end":{"line":27,"column":3}},"4":{"start":{"line":29,"column":24},"end":{"line":58,"column":3}},"5":{"start":{"line":60,"column":2},"end":{"line":60,"column":43}},"6":{"start":{"line":61,"column":2},"end":{"line":61,"column":45}}},"fnMap":{"0":{"name":"(anonymous_0)","decl":{"start":{"line":5,"column":15},"end":{"line":5,"column":16}},"loc":{"start":{"line":5,"column":37},"end":{"line":62,"column":1}},"line":5}},"branchMap":{},"s":{"0":1,"1":2,"2":2,"3":2,"4":2,"5":2,"6":2},"f":{"0":2},"b":{},"_coverageSchema":"1a1c01bbd47fc00a2c39e90264f33305004495a9","hash":"30f0709f0774bf459ecca6ed6af042c4f92654ff"}
}
