TN:
SF:knexfile.js
FN:13,(anonymous_0)
FNF:1
FNH:1
FNDA:1,(anonymous_0)
DA:1,1
DA:14,1
DA:19,1
LF:3
LH:3
BRF:0
BRH:0
end_of_record
TN:
SF:api\server.js
FN:21,(anonymous_0)
FNF:1
FNH:0
FNDA:0,(anonymous_0)
DA:1,1
DA:2,1
DA:5,1
DA:9,1
DA:10,1
DA:12,1
DA:14,1
DA:15,1
DA:16,1
DA:18,1
DA:19,1
DA:21,1
DA:23,0
DA:29,1
LF:14
LH:13
BRDA:23,0,0,0
BRDA:23,0,1,0
BRF:2
BRH:0
end_of_record
TN:
SF:api\auth\auth-middleware.js
FN:5,(anonymous_0)
FN:32,(anonymous_1)
FN:46,(anonymous_2)
FNF:3
FNH:3
FNDA:3,(anonymous_0)
FNDA:1,(anonymous_1)
FNDA:5,(anonymous_2)
DA:1,1
DA:2,1
DA:3,1
DA:5,1
DA:6,3
DA:7,3
DA:8,3
DA:9,3
DA:10,3
DA:14,3
DA:15,1
DA:19,2
DA:20,2
DA:23,0
DA:28,0
DA:32,1
DA:33,1
DA:35,1
DA:36,1
DA:37,1
DA:38,0
DA:40,1
DA:42,0
DA:46,1
DA:47,5
DA:48,5
DA:49,5
DA:50,1
DA:52,4
DA:55,0
DA:59,1
LF:31
LH:26
BRDA:8,0,0,3
BRDA:8,0,1,0
BRDA:8,1,0,3
BRDA:8,1,1,3
BRDA:14,2,0,1
BRDA:14,2,1,2
BRDA:37,3,0,0
BRDA:37,3,1,1
BRDA:49,4,0,1
BRDA:49,4,1,4
BRDA:49,5,0,5
BRDA:49,5,1,5
BRF:12
BRH:10
end_of_record
TN:
SF:api\auth\auth-router.js
FN:15,(anonymous_0)
FN:17,(anonymous_1)
FN:23,(anonymous_2)
FN:37,(anonymous_3)
FNF:4
FNH:4
FNDA:1,(anonymous_0)
FNDA:1,(anonymous_1)
FNDA:1,(anonymous_2)
FNDA:2,(anonymous_3)
DA:1,1
DA:2,1
DA:3,1
DA:4,1
DA:5,1
DA:6,1
DA:11,1
DA:12,1
DA:15,1
DA:16,1
DA:18,1
DA:23,1
DA:24,1
DA:25,1
DA:26,1
DA:31,1
DA:32,1
DA:34,0
DA:37,1
DA:38,2
DA:39,2
DA:44,2
DA:45,2
DA:50,0
DA:54,1
LF:25
LH:23
BRF:0
BRH:0
end_of_record
TN:
SF:api\secrets\index.js
FNF:0
FNH:0
DA:1,1
DA:3,1
LF:2
LH:2
BRDA:4,0,0,1
BRDA:4,0,1,0
BRF:2
BRH:1
end_of_record
TN:
SF:api\users\users-middleware.js
FN:5,(anonymous_0)
FN:11,(anonymous_1)
FN:25,(anonymous_2)
FNF:3
FNH:3
FNDA:2,(anonymous_0)
FNDA:2,(anonymous_1)
FNDA:1,(anonymous_2)
DA:1,1
DA:3,1
DA:5,1
DA:6,2
DA:7,2
DA:8,2
DA:9,0
DA:11,2
DA:12,2
DA:13,0
DA:15,2
DA:16,2
DA:21,0
DA:25,1
DA:26,1
DA:27,1
DA:28,1
DA:29,0
DA:31,1
DA:34,0
DA:38,1
LF:21
LH:16
BRDA:8,0,0,0
BRDA:8,0,1,2
BRDA:12,1,0,0
BRDA:12,1,1,2
BRDA:28,2,0,0
BRDA:28,2,1,1
BRDA:28,3,0,1
BRDA:28,3,1,1
BRDA:28,3,2,1
BRF:9
BRH:6
end_of_record
TN:
SF:api\users\users-model.js
FN:4,getAllUsers
FN:8,getUserById
FN:11,getUserByName
FN:15,createUser
FN:17,(anonymous_4)
FN:30,getAllTweets
FN:34,getTweetById
FN:38,createTweet
FN:44,removeTweet
FNF:9
FNH:7
FNDA:1,getAllUsers
FNDA:1,getUserById
FNDA:3,getUserByName
FNDA:1,createUser
FNDA:1,(anonymous_4)
FNDA:1,getAllTweets
FNDA:0,getTweetById
FNDA:1,createTweet
FNDA:0,removeTweet
DA:1,1
DA:5,1
DA:9,1
DA:12,3
DA:17,1
DA:18,1
DA:23,1
DA:25,1
DA:31,1
DA:35,0
DA:39,1
DA:40,1
DA:41,1
DA:45,0
DA:48,1
LF:15
LH:13
BRF:0
BRH:0
end_of_record
TN:
SF:api\users\users-router.js
FN:5,(anonymous_0)
FN:7,(anonymous_1)
FN:13,(anonymous_2)
FN:16,(anonymous_3)
FN:22,(anonymous_4)
FNF:5
FNH:3
FNDA:1,(anonymous_0)
FNDA:1,(anonymous_1)
FNDA:0,(anonymous_2)
FNDA:0,(anonymous_3)
FNDA:1,(anonymous_4)
DA:1,1
DA:2,1
DA:3,1
DA:5,1
DA:6,1
DA:8,1
DA:13,1
DA:15,0
DA:17,0
DA:22,1
DA:23,1
DA:25,1
DA:31,1
DA:32,1
DA:34,0
DA:38,1
LF:16
LH:13
BRF:0
BRH:0
end_of_record
TN:
SF:data\db-config.js
FNF:0
FNH:0
DA:1,1
DA:2,1
DA:3,1
DA:5,1
LF:4
LH:4
BRDA:3,0,0,1
BRDA:3,0,1,0
BRF:2
BRH:1
end_of_record
TN:
SF:data\migrations\20230604100205_tweets.js
FN:6,(anonymous_0)
FN:8,(anonymous_1)
FN:14,(anonymous_2)
FN:35,(anonymous_3)
FNF:4
FNH:4
FNDA:1,(anonymous_0)
FNDA:1,(anonymous_1)
FNDA:1,(anonymous_2)
FNDA:1,(anonymous_3)
DA:6,1
DA:7,1
DA:9,1
DA:10,1
DA:11,1
DA:12,1
DA:15,1
DA:16,1
DA:17,1
DA:18,1
DA:19,1
DA:21,1
DA:35,1
DA:36,1
LF:14
LH:14
BRF:0
BRH:0
end_of_record
TN:
SF:data\seeds\tweets.js
FN:5,(anonymous_0)
FNF:1
FNH:1
FNDA:1,(anonymous_0)
DA:5,1
DA:8,1
DA:9,1
DA:11,1
DA:29,1
DA:60,1
DA:61,1
LF:7
LH:7
BRF:0
BRH:0
end_of_record
